Performing C++ SOURCE FILE Test COMPILER_SUPPORT_Wshorten64to32 failed with the following output:
Change Dir: /home/chris/Documents/Repos/bicgstab_l/eigen_test_folder/build/CMakeFiles/CMakeTmp

Run Build Command:"/usr/bin/gmake" "cmTC_ff40b/fast"
/usr/bin/gmake -f CMakeFiles/cmTC_ff40b.dir/build.make CMakeFiles/cmTC_ff40b.dir/build
gmake[1]: Entering directory '/home/chris/Documents/Repos/bicgstab_l/eigen_test_folder/build/CMakeFiles/CMakeTmp'
Building CXX object CMakeFiles/cmTC_ff40b.dir/src.cxx.o
/usr/bin/c++    -std=c++03 -pedantic -Wall -Wextra -Wundef -Wcast-align -Wchar-subscripts -Wnon-virtual-dtor -Wunused-local-typedefs -Wpointer-arith -Wwrite-strings -Wformat-security -DCOMPILER_SUPPORT_Wshorten64to32 -Werror   -Wshorten-64-to-32 -o CMakeFiles/cmTC_ff40b.dir/src.cxx.o -c /home/chris/Documents/Repos/bicgstab_l/eigen_test_folder/build/CMakeFiles/CMakeTmp/src.cxx
c++: error: unrecognized command line option '-Wshorten-64-to-32'
gmake[1]: *** [CMakeFiles/cmTC_ff40b.dir/build.make:66: CMakeFiles/cmTC_ff40b.dir/src.cxx.o] Error 1
gmake[1]: Leaving directory '/home/chris/Documents/Repos/bicgstab_l/eigen_test_folder/build/CMakeFiles/CMakeTmp'
gmake: *** [Makefile:126: cmTC_ff40b/fast] Error 2

Source file was:
int main() { return 0; }
Performing C++ SOURCE FILE Test COMPILER_SUPPORT_Wenumconversion failed with the following output:
Change Dir: /home/chris/Documents/Repos/bicgstab_l/eigen_test_folder/build/CMakeFiles/CMakeTmp

Run Build Command:"/usr/bin/gmake" "cmTC_1a90c/fast"
/usr/bin/gmake -f CMakeFiles/cmTC_1a90c.dir/build.make CMakeFiles/cmTC_1a90c.dir/build
gmake[1]: Entering directory '/home/chris/Documents/Repos/bicgstab_l/eigen_test_folder/build/CMakeFiles/CMakeTmp'
Building CXX object CMakeFiles/cmTC_1a90c.dir/src.cxx.o
/usr/bin/c++    -std=c++03 -pedantic -Wall -Wextra -Wundef -Wcast-align -Wchar-subscripts -Wnon-virtual-dtor -Wunused-local-typedefs -Wpointer-arith -Wwrite-strings -Wformat-security -Wlogical-op -DCOMPILER_SUPPORT_Wenumconversion -Werror   -Wenum-conversion -o CMakeFiles/cmTC_1a90c.dir/src.cxx.o -c /home/chris/Documents/Repos/bicgstab_l/eigen_test_folder/build/CMakeFiles/CMakeTmp/src.cxx
c++: error: unrecognized command line option '-Wenum-conversion'; did you mean '-Wno-conversion'?
gmake[1]: *** [CMakeFiles/cmTC_1a90c.dir/build.make:66: CMakeFiles/cmTC_1a90c.dir/src.cxx.o] Error 1
gmake[1]: Leaving directory '/home/chris/Documents/Repos/bicgstab_l/eigen_test_folder/build/CMakeFiles/CMakeTmp'
gmake: *** [Makefile:126: cmTC_1a90c/fast] Error 2

Source file was:
int main() { return 0; }
Performing C++ SOURCE FILE Test COMPILER_SUPPORT_Wcpp11extensions failed with the following output:
Change Dir: /home/chris/Documents/Repos/bicgstab_l/eigen_test_folder/build/CMakeFiles/CMakeTmp

Run Build Command:"/usr/bin/gmake" "cmTC_c268f/fast"
/usr/bin/gmake -f CMakeFiles/cmTC_c268f.dir/build.make CMakeFiles/cmTC_c268f.dir/build
gmake[1]: Entering directory '/home/chris/Documents/Repos/bicgstab_l/eigen_test_folder/build/CMakeFiles/CMakeTmp'
Building CXX object CMakeFiles/cmTC_c268f.dir/src.cxx.o
/usr/bin/c++    -std=c++03 -pedantic -Wall -Wextra -Wundef -Wcast-align -Wchar-subscripts -Wnon-virtual-dtor -Wunused-local-typedefs -Wpointer-arith -Wwrite-strings -Wformat-security -Wlogical-op -DCOMPILER_SUPPORT_Wcpp11extensions -Werror   -Wc++11-extensions -o CMakeFiles/cmTC_c268f.dir/src.cxx.o -c /home/chris/Documents/Repos/bicgstab_l/eigen_test_folder/build/CMakeFiles/CMakeTmp/src.cxx
c++: error: unrecognized command line option '-Wc++11-extensions'; did you mean '-fms-extensions'?
gmake[1]: *** [CMakeFiles/cmTC_c268f.dir/build.make:66: CMakeFiles/cmTC_c268f.dir/src.cxx.o] Error 1
gmake[1]: Leaving directory '/home/chris/Documents/Repos/bicgstab_l/eigen_test_folder/build/CMakeFiles/CMakeTmp'
gmake: *** [Makefile:126: cmTC_c268f/fast] Error 2

Source file was:
int main() { return 0; }
Performing C++ SOURCE FILE Test COMPILER_SUPPORT_wd981 failed with the following output:
Change Dir: /home/chris/Documents/Repos/bicgstab_l/eigen_test_folder/build/CMakeFiles/CMakeTmp

Run Build Command:"/usr/bin/gmake" "cmTC_e5822/fast"
/usr/bin/gmake -f CMakeFiles/cmTC_e5822.dir/build.make CMakeFiles/cmTC_e5822.dir/build
gmake[1]: Entering directory '/home/chris/Documents/Repos/bicgstab_l/eigen_test_folder/build/CMakeFiles/CMakeTmp'
Building CXX object CMakeFiles/cmTC_e5822.dir/src.cxx.o
/usr/bin/c++    -std=c++03 -pedantic -Wall -Wextra -Wundef -Wcast-align -Wchar-subscripts -Wnon-virtual-dtor -Wunused-local-typedefs -Wpointer-arith -Wwrite-strings -Wformat-security -Wlogical-op -Wdouble-promotion -Wshadow -Wno-psabi -Wno-variadic-macros -Wno-long-long -fno-check-new -fno-common -fstrict-aliasing -DCOMPILER_SUPPORT_wd981 -Werror   -wd981 -o CMakeFiles/cmTC_e5822.dir/src.cxx.o -c /home/chris/Documents/Repos/bicgstab_l/eigen_test_folder/build/CMakeFiles/CMakeTmp/src.cxx
c++: error: unrecognized command line option '-wd981'
gmake[1]: *** [CMakeFiles/cmTC_e5822.dir/build.make:66: CMakeFiles/cmTC_e5822.dir/src.cxx.o] Error 1
gmake[1]: Leaving directory '/home/chris/Documents/Repos/bicgstab_l/eigen_test_folder/build/CMakeFiles/CMakeTmp'
gmake: *** [Makefile:126: cmTC_e5822/fast] Error 2

Source file was:
int main() { return 0; }
Performing C++ SOURCE FILE Test COMPILER_SUPPORT_wd2304 failed with the following output:
Change Dir: /home/chris/Documents/Repos/bicgstab_l/eigen_test_folder/build/CMakeFiles/CMakeTmp

Run Build Command:"/usr/bin/gmake" "cmTC_193c3/fast"
/usr/bin/gmake -f CMakeFiles/cmTC_193c3.dir/build.make CMakeFiles/cmTC_193c3.dir/build
gmake[1]: Entering directory '/home/chris/Documents/Repos/bicgstab_l/eigen_test_folder/build/CMakeFiles/CMakeTmp'
Building CXX object CMakeFiles/cmTC_193c3.dir/src.cxx.o
/usr/bin/c++    -std=c++03 -pedantic -Wall -Wextra -Wundef -Wcast-align -Wchar-subscripts -Wnon-virtual-dtor -Wunused-local-typedefs -Wpointer-arith -Wwrite-strings -Wformat-security -Wlogical-op -Wdouble-promotion -Wshadow -Wno-psabi -Wno-variadic-macros -Wno-long-long -fno-check-new -fno-common -fstrict-aliasing -DCOMPILER_SUPPORT_wd2304 -Werror   -wd2304 -o CMakeFiles/cmTC_193c3.dir/src.cxx.o -c /home/chris/Documents/Repos/bicgstab_l/eigen_test_folder/build/CMakeFiles/CMakeTmp/src.cxx
c++: error: unrecognized command line option '-wd2304'
gmake[1]: *** [CMakeFiles/cmTC_193c3.dir/build.make:66: CMakeFiles/cmTC_193c3.dir/src.cxx.o] Error 1
gmake[1]: Leaving directory '/home/chris/Documents/Repos/bicgstab_l/eigen_test_folder/build/CMakeFiles/CMakeTmp'
gmake: *** [Makefile:126: cmTC_193c3/fast] Error 2

Source file was:
int main() { return 0; }
Performing C++ SOURCE FILE Test COMPILER_SUPPORT_STRICTANSI failed with the following output:
Change Dir: /home/chris/Documents/Repos/bicgstab_l/eigen_test_folder/build/CMakeFiles/CMakeTmp

Run Build Command:"/usr/bin/gmake" "cmTC_714ca/fast"
/usr/bin/gmake -f CMakeFiles/cmTC_714ca.dir/build.make CMakeFiles/cmTC_714ca.dir/build
gmake[1]: Entering directory '/home/chris/Documents/Repos/bicgstab_l/eigen_test_folder/build/CMakeFiles/CMakeTmp'
Building CXX object CMakeFiles/cmTC_714ca.dir/src.cxx.o
/usr/bin/c++    -std=c++03 -pedantic -Wall -Wextra -Wundef -Wcast-align -Wchar-subscripts -Wnon-virtual-dtor -Wunused-local-typedefs -Wpointer-arith -Wwrite-strings -Wformat-security -Wlogical-op -Wdouble-promotion -Wshadow -Wno-psabi -Wno-variadic-macros -Wno-long-long -fno-check-new -fno-common -fstrict-aliasing -DCOMPILER_SUPPORT_STRICTANSI -Werror   -strict-ansi -o CMakeFiles/cmTC_714ca.dir/src.cxx.o -c /home/chris/Documents/Repos/bicgstab_l/eigen_test_folder/build/CMakeFiles/CMakeTmp/src.cxx
c++: error: unrecognized command line option '-strict-ansi'; did you mean '-fstrict-enums'?
gmake[1]: *** [CMakeFiles/cmTC_714ca.dir/build.make:66: CMakeFiles/cmTC_714ca.dir/src.cxx.o] Error 1
gmake[1]: Leaving directory '/home/chris/Documents/Repos/bicgstab_l/eigen_test_folder/build/CMakeFiles/CMakeTmp'
gmake: *** [Makefile:126: cmTC_714ca/fast] Error 2

Source file was:
int main() { return 0; }
Performing C++ SOURCE FILE Test COMPILER_SUPPORT_Qunusedarguments failed with the following output:
Change Dir: /home/chris/Documents/Repos/bicgstab_l/eigen_test_folder/build/CMakeFiles/CMakeTmp

Run Build Command:"/usr/bin/gmake" "cmTC_2f058/fast"
/usr/bin/gmake -f CMakeFiles/cmTC_2f058.dir/build.make CMakeFiles/cmTC_2f058.dir/build
gmake[1]: Entering directory '/home/chris/Documents/Repos/bicgstab_l/eigen_test_folder/build/CMakeFiles/CMakeTmp'
Building CXX object CMakeFiles/cmTC_2f058.dir/src.cxx.o
/usr/bin/c++    -std=c++03 -pedantic -Wall -Wextra -Wundef -Wcast-align -Wchar-subscripts -Wnon-virtual-dtor -Wunused-local-typedefs -Wpointer-arith -Wwrite-strings -Wformat-security -Wlogical-op -Wdouble-promotion -Wshadow -Wno-psabi -Wno-variadic-macros -Wno-long-long -fno-check-new -fno-common -fstrict-aliasing -DCOMPILER_SUPPORT_Qunusedarguments -Werror   -Qunused-arguments -o CMakeFiles/cmTC_2f058.dir/src.cxx.o -c /home/chris/Documents/Repos/bicgstab_l/eigen_test_folder/build/CMakeFiles/CMakeTmp/src.cxx
c++: error: unrecognized command line option '-Qunused-arguments'; did you mean '-Wunused-parameter'?
gmake[1]: *** [CMakeFiles/cmTC_2f058.dir/build.make:66: CMakeFiles/cmTC_2f058.dir/src.cxx.o] Error 1
gmake[1]: Leaving directory '/home/chris/Documents/Repos/bicgstab_l/eigen_test_folder/build/CMakeFiles/CMakeTmp'
gmake: *** [Makefile:126: cmTC_2f058/fast] Error 2

Source file was:
int main() { return 0; }
Determining if the pthread_create exist failed with the following output:
Change Dir: /home/chris/Documents/Repos/bicgstab_l/eigen_test_folder/build/CMakeFiles/CMakeTmp

Run Build Command:"/usr/bin/gmake" "cmTC_0c3e8/fast"
/usr/bin/gmake -f CMakeFiles/cmTC_0c3e8.dir/build.make CMakeFiles/cmTC_0c3e8.dir/build
gmake[1]: Entering directory '/home/chris/Documents/Repos/bicgstab_l/eigen_test_folder/build/CMakeFiles/CMakeTmp'
Building C object CMakeFiles/cmTC_0c3e8.dir/CheckSymbolExists.c.o
/usr/bin/cc    -o CMakeFiles/cmTC_0c3e8.dir/CheckSymbolExists.c.o   -c /home/chris/Documents/Repos/bicgstab_l/eigen_test_folder/build/CMakeFiles/CMakeTmp/CheckSymbolExists.c
Linking C executable cmTC_0c3e8
/usr/bin/cmake -E cmake_link_script CMakeFiles/cmTC_0c3e8.dir/link.txt --verbose=1
/usr/bin/cc      -rdynamic CMakeFiles/cmTC_0c3e8.dir/CheckSymbolExists.c.o  -o cmTC_0c3e8 
/usr/lib64/gcc/x86_64-suse-linux/7/../../../../x86_64-suse-linux/bin/ld: CMakeFiles/cmTC_0c3e8.dir/CheckSymbolExists.c.o: in function `main':
CheckSymbolExists.c:(.text+0x16): undefined reference to `pthread_create'
collect2: error: ld returned 1 exit status
gmake[1]: *** [CMakeFiles/cmTC_0c3e8.dir/build.make:98: cmTC_0c3e8] Error 1
gmake[1]: Leaving directory '/home/chris/Documents/Repos/bicgstab_l/eigen_test_folder/build/CMakeFiles/CMakeTmp'
gmake: *** [Makefile:126: cmTC_0c3e8/fast] Error 2

File /home/chris/Documents/Repos/bicgstab_l/eigen_test_folder/build/CMakeFiles/CMakeTmp/CheckSymbolExists.c:
/* */
#include <pthread.h>

int main(int argc, char** argv)
{
  (void)argv;
#ifndef pthread_create
  return ((int*)(&pthread_create))[argc];
#else
  (void)argc;
  return 0;
#endif
}

Determining if the function pthread_create exists in the pthreads failed with the following output:
Change Dir: /home/chris/Documents/Repos/bicgstab_l/eigen_test_folder/build/CMakeFiles/CMakeTmp

Run Build Command:"/usr/bin/gmake" "cmTC_299fb/fast"
/usr/bin/gmake -f CMakeFiles/cmTC_299fb.dir/build.make CMakeFiles/cmTC_299fb.dir/build
gmake[1]: Entering directory '/home/chris/Documents/Repos/bicgstab_l/eigen_test_folder/build/CMakeFiles/CMakeTmp'
Building C object CMakeFiles/cmTC_299fb.dir/CheckFunctionExists.c.o
/usr/bin/cc   -DCHECK_FUNCTION_EXISTS=pthread_create   -o CMakeFiles/cmTC_299fb.dir/CheckFunctionExists.c.o   -c /usr/share/cmake/Modules/CheckFunctionExists.c
Linking C executable cmTC_299fb
/usr/bin/cmake -E cmake_link_script CMakeFiles/cmTC_299fb.dir/link.txt --verbose=1
/usr/bin/cc  -DCHECK_FUNCTION_EXISTS=pthread_create    -rdynamic CMakeFiles/cmTC_299fb.dir/CheckFunctionExists.c.o  -o cmTC_299fb -lpthreads 
/usr/lib64/gcc/x86_64-suse-linux/7/../../../../x86_64-suse-linux/bin/ld: cannot find -lpthreads
collect2: error: ld returned 1 exit status
gmake[1]: *** [CMakeFiles/cmTC_299fb.dir/build.make:98: cmTC_299fb] Error 1
gmake[1]: Leaving directory '/home/chris/Documents/Repos/bicgstab_l/eigen_test_folder/build/CMakeFiles/CMakeTmp'
gmake: *** [Makefile:126: cmTC_299fb/fast] Error 2


